0 info it worked if it ends with ok
1 verbose cli [ '/usr/local/bin/node', '/usr/local/bin/npm', 'publish' ]
2 info using npm@3.10.10
3 info using node@v6.10.1
4 verbose publish [ '.' ]
5 silly cache add args [ '.', null ]
6 verbose cache add spec .
7 silly cache add parsed spec Result {
7 silly cache add   raw: '.',
7 silly cache add   scope: null,
7 silly cache add   escapedName: null,
7 silly cache add   name: null,
7 silly cache add   rawSpec: '.',
7 silly cache add   spec: '/Users/sarkisarutiunian/Projects/Modules/softlayer-object-storage',
7 silly cache add   type: 'directory' }
8 verbose addLocalDirectory /Users/sarkisarutiunian/.npm/softlayer-object-storage/1.0.2/package.tgz not in flight; packing
9 verbose correctMkdir /Users/sarkisarutiunian/.npm correctMkdir not in flight; initializing
10 info lifecycle softlayer-object-storage@1.0.2~prepublish: softlayer-object-storage@1.0.2
11 silly lifecycle softlayer-object-storage@1.0.2~prepublish: no script for prepublish, continuing
12 verbose tar pack [ '/Users/sarkisarutiunian/.npm/softlayer-object-storage/1.0.2/package.tgz',
12 verbose tar pack   '/Users/sarkisarutiunian/Projects/Modules/softlayer-object-storage' ]
13 verbose tarball /Users/sarkisarutiunian/.npm/softlayer-object-storage/1.0.2/package.tgz
14 verbose folder /Users/sarkisarutiunian/Projects/Modules/softlayer-object-storage
15 verbose addLocalTarball adding from inside cache /Users/sarkisarutiunian/.npm/softlayer-object-storage/1.0.2/package.tgz
16 verbose correctMkdir /Users/sarkisarutiunian/.npm correctMkdir not in flight; initializing
17 silly cache afterAdd softlayer-object-storage@1.0.2
18 verbose afterAdd /Users/sarkisarutiunian/.npm/softlayer-object-storage/1.0.2/package/package.json not in flight; writing
19 verbose correctMkdir /Users/sarkisarutiunian/.npm correctMkdir not in flight; initializing
20 verbose afterAdd /Users/sarkisarutiunian/.npm/softlayer-object-storage/1.0.2/package/package.json written
21 silly publish { name: 'softlayer-object-storage',
21 silly publish   version: '1.0.2',
21 silly publish   description: 'Set of helpers to work with the softLayer Object Storage.',
21 silly publish   main: 'src/index.js',
21 silly publish   repository:
21 silly publish    { type: 'git',
21 silly publish      url: 'git+https://github.com/sarkistlt/softlayer-object-storage.git' },
21 silly publish   keywords: [ 'softlayer' ],
21 silly publish   author: { name: 'Sarkis Arutiunian', url: 'sarkis.tlt@gmail.com' },
21 silly publish   license: 'MIT',
21 silly publish   bugs: { url: 'https://github.com/sarkistlt/softlayer-object-storage/issues' },
21 silly publish   homepage: 'https://github.com/sarkistlt/softlayer-object-storage#readme',
21 silly publish   devDependencies:
21 silly publish    { 'babel-cli': '^6.18.0',
21 silly publish      'babel-core': '^6.18.2',
21 silly publish      'babel-loader': '^6.2.7',
21 silly publish      'babel-polyfill': '^6.16.0',
21 silly publish      'babel-preset-es2015': '^6.18.0',
21 silly publish      'babel-preset-react': '^6.16.0',
21 silly publish      'babel-preset-stage-0': '^6.16.0',
21 silly publish      'babel-preset-stage-1': '^6.16.0',
21 silly publish      'clean-webpack-plugin': '^0.1.16',
21 silly publish      'cross-env': '^4.0.0',
21 silly publish      eslint: '^3.10.2',
21 silly publish      'eslint-config-airbnb': '^13.0.0',
21 silly publish      'eslint-plugin-import': '^2.2.0',
21 silly publish      'eslint-plugin-jsx-a11y': '^2.2.3',
21 silly publish      'eslint-plugin-react': '^6.7.1',
21 silly publish      'express-graphql': '^0.6.1',
21 silly publish      webpack: '^2.3.2' },
21 silly publish   dependencies: { path: '^0.12.7', request: '^2.81.0' },
21 silly publish   readme: '# SoftLayer Object Storage helper\n\n### Installing\n\nNPM\n\n    $ npm i -S softlayer-object-storage\n    \n### Code\n```javascript\n    import ObjectStorage from \'softlayer-object-storage\';\n    import fs from \'fs\';\n    \n    const conf = {\n      removeAccess: true, // allow remove objects from container [default false]\n      storage: \'public\', // public or private\n      endpoint: \'https://***.objectstorage.softlayer.net/auth/v1.0\',\n      username: \'SLOS********-*:***********\',\n      key: \'******************************\',\n      container: \'backups\',\n    };\n    \n    const backupsContainer = new ObjectStorage(conf);\n    const readStream = fs.createReadStream(\'./mysql.sql.gz\');\n\n    // create new containers \'test-container\'\n    backupsContainer.createContainer(\'test-container\')\n    .then(console.log)\n    .catch(console.error);\n    \n    // show all containers in your account\n    backupsContainer.listContainers()\n    .then(console.log)\n    .catch(console.error);\n    \n    // remove container, (you can remove only empty container)\n    backupsContainer.removeContainer(\'test-container\')\n    .then(console.log)\n    .catch(console.error);\n    \n    // show full url to all files in \'backups\' container\n    backupsContainer.listFiles()\n    .then(console.log)\n    .catch(console.error);\n    \n    // upload \'mysql.sql.gz\' from local to OS\n    // if you are passing just string assume from spawn, you can pass the name as second argument \'backupsContainer.uploadFile(readStream, name)\'\n    backupsContainer.uploadFile(readStream)\n    .then(console.log)\n    .catch(console.error);\n    \n    // remove \'mysql.sql.gz\' from OS\n    // you can pass string (to remove one object) or array of string to remove many\n    // string is a a name or full URL to object\n    backupsContainer.removeFile(\'mysql.sql.gz\') // or backupsContainer.removeFile(\'https://***.objectstorage.softlayer.net/v1/AUTH_**/backups/mysql.sql.gz\')\n    .then(console.log)\n    .catch(console.error);\n```\n### License\n\nMIT\n',
21 silly publish   readmeFilename: 'README.md',
21 silly publish   gitHead: '0ad912bb5d768aef6357be39c265958b9a8b2f3c',
21 silly publish   _id: 'softlayer-object-storage@1.0.2',
21 silly publish   scripts: {},
21 silly publish   _shasum: '5b8adee9f01fe5559e9ac8404e874fd54acf41db',
21 silly publish   _from: '.' }
22 verbose getPublishConfig undefined
23 silly mapToRegistry name softlayer-object-storage
24 silly mapToRegistry using default registry
25 silly mapToRegistry registry https://registry.npmjs.org/
26 silly mapToRegistry data Result {
26 silly mapToRegistry   raw: 'softlayer-object-storage',
26 silly mapToRegistry   scope: null,
26 silly mapToRegistry   escapedName: 'softlayer-object-storage',
26 silly mapToRegistry   name: 'softlayer-object-storage',
26 silly mapToRegistry   rawSpec: '',
26 silly mapToRegistry   spec: 'latest',
26 silly mapToRegistry   type: 'tag' }
27 silly mapToRegistry uri https://registry.npmjs.org/softlayer-object-storage
28 verbose publish registryBase https://registry.npmjs.org/
29 silly publish uploading /Users/sarkisarutiunian/.npm/softlayer-object-storage/1.0.2/package.tgz
30 verbose request uri https://registry.npmjs.org/softlayer-object-storage
31 verbose request sending authorization for write operation
32 info attempt registry request try #1 at 12:52:40 PM
33 verbose request using bearer token for auth
34 verbose request id 98e9a3e249e05fce
35 http request PUT https://registry.npmjs.org/softlayer-object-storage
36 http 403 https://registry.npmjs.org/softlayer-object-storage
37 verbose headers { 'content-type': 'application/json',
37 verbose headers   'cache-control': 'max-age=300',
37 verbose headers   'content-length': '95',
37 verbose headers   'accept-ranges': 'bytes',
37 verbose headers   date: 'Fri, 31 Mar 2017 19:52:41 GMT',
37 verbose headers   via: '1.1 varnish',
37 verbose headers   connection: 'keep-alive',
37 verbose headers   'x-served-by': 'cache-lax8639-LAX',
37 verbose headers   'x-cache': 'MISS',
37 verbose headers   'x-cache-hits': '0',
37 verbose headers   'x-timer': 'S1490989961.357793,VS0,VE171',
37 verbose headers   vary: 'Accept-Encoding' }
38 verbose request invalidating /Users/sarkisarutiunian/.npm/registry.npmjs.org/softlayer-object-storage on PUT
39 error publish Failed PUT 403
40 verbose stack Error: "You cannot publish over the previously published version 1.0.2." : softlayer-object-storage
40 verbose stack     at makeError (/usr/local/lib/node_modules/npm/node_modules/npm-registry-client/lib/request.js:302:12)
40 verbose stack     at CachingRegistryClient.<anonymous> (/usr/local/lib/node_modules/npm/node_modules/npm-registry-client/lib/request.js:290:14)
40 verbose stack     at Request._callback (/usr/local/lib/node_modules/npm/node_modules/npm-registry-client/lib/request.js:210:14)
40 verbose stack     at Request.self.callback (/usr/local/lib/node_modules/npm/node_modules/request/request.js:187:22)
40 verbose stack     at emitTwo (events.js:106:13)
40 verbose stack     at Request.emit (events.js:191:7)
40 verbose stack     at Request.<anonymous> (/usr/local/lib/node_modules/npm/node_modules/request/request.js:1048:10)
40 verbose stack     at emitOne (events.js:96:13)
40 verbose stack     at Request.emit (events.js:188:7)
40 verbose stack     at IncomingMessage.<anonymous> (/usr/local/lib/node_modules/npm/node_modules/request/request.js:969:12)
41 verbose statusCode 403
42 verbose pkgid softlayer-object-storage
43 verbose cwd /Users/sarkisarutiunian/Projects/Modules/softlayer-object-storage
44 error Darwin 16.4.0
45 error argv "/usr/local/bin/node" "/usr/local/bin/npm" "publish"
46 error node v6.10.1
47 error npm  v3.10.10
48 error code E403
49 error "You cannot publish over the previously published version 1.0.2." : softlayer-object-storage
50 error If you need help, you may report this error at:
50 error     <https://github.com/npm/npm/issues>
51 verbose exit [ 1, true ]
